Change Component Footprint: Designator=U1 Old Footprint=DIP-18 New Footprint=TQG144_M
Added Pin To Net: NetName=+5V Pin=U1-19
Added Pin To Net: NetName=GND Pin=U1-20
Added Pin To Net: NetName=ButR Pin=U1-21
Added Pin To Net: NetName=ButN Pin=U1-22
Added Pin To Net: NetName=ButD Pin=U1-23
Added Pin To Net: NetName=LightD Pin=U1-24
Added Pin To Net: NetName=GND Pin=U1-25
Added Pin To Net: NetName=+5V Pin=U1-26
Added Pin To Net: NetName=LightN Pin=U1-27
Added Pin To Net: NetName=LightR Pin=U1-28
Added Pin To Net: NetName=ChrgLED Pin=U1-29
Added Pin To Net: NetName=FluidHeater Pin=U1-30
Added Pin To Net: NetName=IsHeating Pin=U1-31
Added Pin To Net: NetName=IsFHerror Pin=U1-32
Added Pin To Net: NetName=TX Pin=U1-33
Added Pin To Net: NetName=RX Pin=U1-34
Added Pin To Net: NetName=NetR10_2 Pin=U1-37
Added Pin To Net: NetName=+5V Pin=U1-38
Added Pin To Net: NetName=NetC10_1 Pin=U1-39
Added Pin To Net: NetName=NetC11_1 Pin=U1-40
Added Pin To Net: NetName=GND Pin=U1-41
Added Pin To Net: NetName=GPIOD8 Pin=U1-42
Added Pin To Net: NetName=GPIOD9 Pin=U1-43
Added Pin To Net: NetName=GPIOD10 Pin=U1-44
Added Pin To Net: NetName=GPIOD11 Pin=U1-45
Added Pin To Net: NetName=GPIOD0 Pin=U1-46
Added Pin To Net: NetName=GPIOC13 Pin=U1-47
Added Pin To Net: NetName=GPIOC14 Pin=U1-48
Added Pin To Net: NetName=GPIOD1 Pin=U1-49
Added Pin To Net: NetName=GPIOD2 Pin=U1-50
Added Pin To Net: NetName=GPIOD3 Pin=U1-51
Added Pin To Net: NetName=GPIOD4 Pin=U1-52
Added Pin To Net: NetName=GPIOD5 Pin=U1-53
Added Pin To Net: NetName=GPIOD6 Pin=U1-54
Added Pin To Net: NetName=GPIOD7 Pin=U1-55
Added Pin To Net: NetName=GND Pin=U1-56
Added Pin To Net: NetName=+5V Pin=U1-57
Added Pin To Net: NetName=CAN_BMS_RX Pin=U1-58
Added Pin To Net: NetName=CAN_BMS_TX Pin=U1-59
Added Pin To Net: NetName=CAN_MUX_TX Pin=U1-60
Added Pin To Net: NetName=CAN_MUX_RX Pin=U1-61
